<?xml version="1.0" ?>
<coverage branch-rate="0" branches-covered="0" branches-valid="0" complexity="0" line-rate="0.6897" lines-covered="20" lines-valid="29" timestamp="1622198008819" version="5.5">
	<!-- Generated by coverage.py: https://coverage.readthedocs.io -->
	<!-- Based on https://raw.githubusercontent.com/cobertura/web/master/htdocs/xml/coverage-04.dtd -->
	<sources>
		<source>/opt/atlassian/pipelines/agent/build</source>
	</sources>
	<packages>
		<package branch-rate="0" complexity="0" line-rate="0.6897" name=".">
			<classes>
				<class branch-rate="0" complexity="0" filename="app.py" line-rate="1" name="app.py">
					<methods/>
					<lines>
						<line hits="1" number="6"/>
						<line hits="1" number="13"/>
					</lines>
				</class>
				<class branch-rate="0" complexity="0" filename="test.py" line-rate="1" name="test.py">
					<methods/>
					<lines>
						<line hits="1" number="6"/>
						<line hits="1" number="13"/>
					</lines>
				</class>
			</classes>
		</package>
	</packages>
</coverage>